<?xml version="1.0" encoding="UTF-8"?>
<testng-results ignored="0" total="1" passed="1" failed="0" skipped="0">
  <reporter-output>
  </reporter-output>
  <suite started-at="2022-08-26T01:37:41 IST" name="Surefire suite" finished-at="2022-08-26T01:38:27 IST" duration-ms="46304">
    <groups>
      <group name="cucumber">
        <method signature="AbstractTestNGCucumberTests.runScenario(io.cucumber.testng.PickleWrapper,io.cucumber.testng.FeatureWrapper)[pri:0, instance:cucumberOptions.TestRunnertestNG@5be6e01c]" name="runScenario" class="io.cucumber.testng.AbstractTestNGCucumberTests"/>
      </group> <!-- cucumber -->
    </groups>
    <test started-at="2022-08-26T01:37:41 IST" name="Surefire test" finished-at="2022-08-26T01:38:27 IST" duration-ms="46304">
      <class name="cucumberOptions.TestRunnertestNG">
        <test-method is-config="true" signature="setUpClass(org.testng.ITestContext)[pri:0, instance:cucumberOptions.TestRunnertestNG@5be6e01c]" started-at="2022-08-26T01:37:41 IST" name="setUpClass" finished-at="2022-08-26T01:37:42 IST" duration-ms="804" status="PASS">
          <params>
            <param index="0">
              <value>
                <![CDATA[org.testng.TestRunner@2c22a348]]>
              </value>
            </param>
          </params>
          <reporter-output>
          </reporter-output>
        </test-method> <!-- setUpClass -->
        <test-method signature="runScenario(io.cucumber.testng.PickleWrapper,io.cucumber.testng.FeatureWrapper)[pri:0, instance:cucumberOptions.TestRunnertestNG@5be6e01c]" started-at="2022-08-26T01:37:42 IST" name="runScenario" description="Runs Cucumber Scenarios" data-provider="scenarios" finished-at="2022-08-26T01:38:27 IST" duration-ms="44919" status="PASS">
          <params>
            <param index="0">
              <value>
                <![CDATA["Complete order flow"]]>
              </value>
            </param>
            <param index="1">
              <value>
                <![CDATA["Place an order with accepting agreement"]]>
              </value>
            </param>
          </params>
          <reporter-output>
          </reporter-output>
        </test-method> <!-- runScenario -->
        <test-method is-config="true" signature="tearDownClass()[pri:0, instance:cucumberOptions.TestRunnertestNG@5be6e01c]" started-at="2022-08-26T01:38:27 IST" name="tearDownClass" finished-at="2022-08-26T01:38:27 IST" duration-ms="481" status="PASS">
          <reporter-output>
          </reporter-output>
        </test-method> <!-- tearDownClass -->
      </class> <!-- cucumberOptions.TestRunnertestNG -->
    </test> <!-- Surefire test -->
  </suite> <!-- Surefire suite -->
</testng-results>
