<?xml version="1.0" encoding="UTF-8"?>
<testng-results ignored="0" total="1" passed="1" failed="0" skipped="0">
  <reporter-output>
  </reporter-output>
  <suite started-at="2022-08-26T01:25:34 IST" name="Default suite" finished-at="2022-08-26T01:26:10 IST" duration-ms="35827">
    <groups>
      <group name="cucumber">
        <method signature="AbstractTestNGCucumberTests.runScenario(io.cucumber.testng.PickleWrapper,io.cucumber.testng.FeatureWrapper)[pri:0, instance:cucumberOptions.TestRunnertestNG@7bba5817]" name="runScenario" class="io.cucumber.testng.AbstractTestNGCucumberTests"/>
      </group> <!-- cucumber -->
    </groups>
    <test started-at="2022-08-26T01:25:34 IST" name="Default test" finished-at="2022-08-26T01:26:10 IST" duration-ms="35827">
      <class name="cucumberOptions.TestRunnertestNG">
        <test-method is-config="true" signature="setUpClass(org.testng.ITestContext)[pri:0, instance:cucumberOptions.TestRunnertestNG@7bba5817]" started-at="2022-08-26T01:25:34 IST" name="setUpClass" finished-at="2022-08-26T01:25:35 IST" duration-ms="883" status="PASS">
          <params>
            <param index="0">
              <value>
                <![CDATA[org.testng.TestRunner@58cec85b]]>
              </value>
            </param>
          </params>
          <reporter-output>
          </reporter-output>
        </test-method> <!-- setUpClass -->
        <test-method signature="runScenario(io.cucumber.testng.PickleWrapper,io.cucumber.testng.FeatureWrapper)[pri:0, instance:cucumberOptions.TestRunnertestNG@7bba5817]" started-at="2022-08-26T01:25:35 IST" name="runScenario" description="Runs Cucumber Scenarios" data-provider="scenarios" finished-at="2022-08-26T01:26:09 IST" duration-ms="34395" status="PASS">
          <params>
            <param index="0">
              <value>
                <![CDATA["Complete order flow"]]>
              </value>
            </param>
            <param index="1">
              <value>
                <![CDATA["Place an order with accepting agreement"]]>
              </value>
            </param>
          </params>
          <reporter-output>
          </reporter-output>
        </test-method> <!-- runScenario -->
        <test-method is-config="true" signature="tearDownClass()[pri:0, instance:cucumberOptions.TestRunnertestNG@7bba5817]" started-at="2022-08-26T01:26:09 IST" name="tearDownClass" finished-at="2022-08-26T01:26:10 IST" duration-ms="458" status="PASS">
          <reporter-output>
          </reporter-output>
        </test-method> <!-- tearDownClass -->
      </class> <!-- cucumberOptions.TestRunnertestNG -->
    </test> <!-- Default test -->
  </suite> <!-- Default suite -->
</testng-results>
